c:\project\computer graphics assingments\visual_studio\a1\debug\vc142.pdb
c:\project\computer graphics assingments\visual_studio\a1\debug\vc142.idb
c:\project\computer graphics assingments\visual_studio\a1\debug\window.obj
c:\project\computer graphics assingments\visual_studio\a1\debug\util.obj
c:\project\computer graphics assingments\visual_studio\a1\debug\uncross.obj
c:\project\computer graphics assingments\visual_studio\a1\debug\shader.obj
c:\project\computer graphics assingments\visual_studio\a1\debug\mesh.obj
c:\project\computer graphics assingments\visual_studio\a1\debug\grid.obj
c:\project\computer graphics assingments\visual_studio\a1\debug\gl_error.obj
c:\project\computer graphics assingments\visual_studio\a1\debug\flat_lighter.obj
c:\project\computer graphics assingments\visual_studio\a1\debug\camera.obj
c:\project\computer graphics assingments\visual_studio\a1\debug\glad.obj
c:\project\computer graphics assingments\visual_studio\debug\a1q2.ilk
c:\project\computer graphics assingments\visual_studio\debug\a1q2.exe
c:\project\computer graphics assingments\visual_studio\debug\a1q2.pdb
c:\project\computer graphics assingments\visual_studio\a1\debug\a1q2.tlog\cl.command.1.tlog
c:\project\computer graphics assingments\visual_studio\a1\debug\a1q2.tlog\cl.read.1.tlog
c:\project\computer graphics assingments\visual_studio\a1\debug\a1q2.tlog\cl.write.1.tlog
c:\project\computer graphics assingments\visual_studio\a1\debug\a1q2.tlog\link.command.1.tlog
c:\project\computer graphics assingments\visual_studio\a1\debug\a1q2.tlog\link.read.1.tlog
c:\project\computer graphics assingments\visual_studio\a1\debug\a1q2.tlog\link.write.1.tlog
