c:\project\computer graphics assingments\visual_studio\a1q2\debug\vc142.pdb
c:\project\computer graphics assingments\visual_studio\a1q2\debug\vc142.idb
c:\project\computer graphics assingments\visual_studio\a1q2\debug\window.obj
c:\project\computer graphics assingments\visual_studio\a1q2\debug\util.obj
c:\project\computer graphics assingments\visual_studio\a1q2\debug\shader.obj
c:\project\computer graphics assingments\visual_studio\a1q2\debug\name.obj
c:\project\computer graphics assingments\visual_studio\a1q2\debug\mesh.obj
c:\project\computer graphics assingments\visual_studio\a1q2\debug\grid.obj
c:\project\computer graphics assingments\visual_studio\a1q2\debug\gl_error.obj
c:\project\computer graphics assingments\visual_studio\a1q2\debug\flat_lighter.obj
c:\project\computer graphics assingments\visual_studio\a1q2\debug\camera.obj
c:\project\computer graphics assingments\visual_studio\a1q2\debug\glad.obj
c:\project\computer graphics assingments\visual_studio\debug\a1q1.ilk
c:\project\computer graphics assingments\visual_studio\debug\a1q1.exe
c:\project\computer graphics assingments\visual_studio\debug\a1q1.pdb
c:\project\computer graphics assingments\visual_studio\a1q2\debug\a1q1.tlog\cl.command.1.tlog
c:\project\computer graphics assingments\visual_studio\a1q2\debug\a1q1.tlog\cl.read.1.tlog
c:\project\computer graphics assingments\visual_studio\a1q2\debug\a1q1.tlog\cl.write.1.tlog
c:\project\computer graphics assingments\visual_studio\a1q2\debug\a1q1.tlog\link.command.1.tlog
c:\project\computer graphics assingments\visual_studio\a1q2\debug\a1q1.tlog\link.read.1.tlog
c:\project\computer graphics assingments\visual_studio\a1q2\debug\a1q1.tlog\link.write.1.tlog
